# JRE version: OpenJDK Runtime Environment GraalVM CE 22.3.0 (17.0.5+8) (build 17.0.5+8-jvmci-22.3-b08)
# Java VM: OpenJDK 64-Bit Server VM GraalVM CE 22.3.0 (17.0.5+8-jvmci-22.3-b08, mixed mode, sharing, tiered, jvmci, jvmci compiler, compressed oops, compressed class ptrs, parallel gc, linux-amd64)
GC Precious Log:
 CPUs: 8 total, 2 available
 Memory: 3215M
 Large Page Support: Disabled
 NUMA Support: Disabled
 Compressed Oops: Enabled (32-bit)
 Alignments: Space 512K, Generation 512K, Heap 2M
 Heap Min Capacity: 100M
 Heap Initial Capacity: 100M
 Heap Max Capacity: 512M
 Pre-touch: Disabled
 Parallel Workers: 2
Heap:
 PSYoungGen      total 37376K, used 27647K [0x00000000f5580000, 0x00000000f8480000, 0x0000000100000000)
  eden space 27648K, 99% used [0x00000000f5580000,0x00000000f707fff8,0x00000000f7080000)
  from space 9728K, 0% used [0x00000000f7280000,0x00000000f7280000,0x00000000f7c00000)
  to   space 7680K, 0% used [0x00000000f7c00000,0x00000000f7c00000,0x00000000f8380000)
 ParOldGen       total 349696K, used 349695K [0x00000000e0000000, 0x00000000f5580000, 0x00000000f5580000)
  object space 349696K, 99% used [0x00000000e0000000,0x00000000f557ffe0,0x00000000f5580000)
 Metaspace       used 59076K, committed 60288K, reserved 1105920K
  class space    used 5817K, committed 6336K, reserved 1048576K
GC Heap History (20 events):
Event: 380.639 GC heap before
{Heap before GC invocations=682 (full 591):
 PSYoungGen      total 37376K, used 27648K [0x00000000f5580000, 0x00000000f8480000, 0x0000000100000000)
  eden space 27648K, 100% used [0x00000000f5580000,0x00000000f7080000,0x00000000f7080000)
  from space 9728K, 0% used [0x00000000f7280000,0x00000000f7280000,0x00000000f7c00000)
  to   space 7680K, 0% used [0x00000000f7c00000,0x00000000f7c00000,0x00000000f8380000)
 ParOldGen       total 349696K, used 349693K [0x00000000e0000000, 0x00000000f5580000, 0x00000000f5580000)
  object space 349696K, 99% used [0x00000000e0000000,0x00000000f557f490,0x00000000f5580000)
 Metaspace       used 59076K, committed 60288K, reserved 1105920K
  class space    used 5817K, committed 6336K, reserved 1048576K
}
Event: 381.146 GC heap after
{Heap after GC invocations=682 (full 591):
 PSYoungGen      total 35328K, used 27647K [0x00000000f5580000, 0x00000000f8480000, 0x0000000100000000)
  eden space 27648K, 99% used [0x00000000f5580000,0x00000000f707ff38,0x00000000f7080000)
  from space 7680K, 0% used [0x00000000f7c00000,0x00000000f7c00000,0x00000000f8380000)
  to   space 9728K, 0% used [0x00000000f7280000,0x00000000f7280000,0x00000000f7c00000)
 ParOldGen       total 349696K, used 349692K [0x00000000e0000000, 0x00000000f5580000, 0x00000000f5580000)
  object space 349696K, 99% used [0x00000000e0000000,0x00000000f557f110,0x00000000f5580000)
 Metaspace       used 59076K, committed 60288K, reserved 1105920K
  class space    used 5817K, committed 6336K, reserved 1048576K
}
Event: 381.146 GC heap before
{Heap before GC invocations=683 (full 592):
 PSYoungGen      total 35328K, used 27648K [0x00000000f5580000, 0x00000000f8480000, 0x0000000100000000)
  eden space 27648K, 100% used [0x00000000f5580000,0x00000000f7080000,0x00000000f7080000)
  from space 7680K, 0% used [0x00000000f7c00000,0x00000000f7c00000,0x00000000f8380000)
  to   space 9728K, 0% used [0x00000000f7280000,0x00000000f7280000,0x00000000f7c00000)
 ParOldGen       total 349696K, used 349692K [0x00000000e0000000, 0x00000000f5580000, 0x00000000f5580000)
  object space 349696K, 99% used [0x00000000e0000000,0x00000000f557f110,0x00000000f5580000)
 Metaspace       used 59076K, committed 60288K, reserved 1105920K
  class space    used 5817K, committed 6336K, reserved 1048576K
}
Event: 381.792 GC heap after
{Heap after GC invocations=683 (full 592):
 PSYoungGen      total 37376K, used 27647K [0x00000000f5580000, 0x00000000f8480000, 0x0000000100000000)
  eden space 27648K, 99% used [0x00000000f5580000,0x00000000f707ff68,0x00000000f7080000)
  from space 9728K, 0% used [0x00000000f7280000,0x00000000f7280000,0x00000000f7c00000)
  to   space 7680K, 0% used [0x00000000f7c00000,0x00000000f7c00000,0x00000000f8380000)
 ParOldGen       total 349696K, used 349692K [0x00000000e0000000, 0x00000000f5580000, 0x00000000f5580000)
  object space 349696K, 99% used [0x00000000e0000000,0x00000000f557f110,0x00000000f5580000)
 Metaspace       used 59076K, committed 60288K, reserved 1105920K
  class space    used 5817K, committed 6336K, reserved 1048576K
}
Event: 381.794 GC heap before
{Heap before GC invocations=684 (full 593):
 PSYoungGen      total 37376K, used 27647K [0x00000000f5580000, 0x00000000f8480000, 0x0000000100000000)
  eden space 27648K, 99% used [0x00000000f5580000,0x00000000f707ffe0,0x00000000f7080000)
  from space 9728K, 0% used [0x00000000f7280000,0x00000000f7280000,0x00000000f7c00000)
  to   space 7680K, 0% used [0x00000000f7c00000,0x00000000f7c00000,0x00000000f8380000)
 ParOldGen       total 349696K, used 349692K [0x00000000e0000000, 0x00000000f5580000, 0x00000000f5580000)
  object space 349696K, 99% used [0x00000000e0000000,0x00000000f557f110,0x00000000f5580000)
 Metaspace       used 59076K, committed 60288K, reserved 1105920K
  class space    used 5817K, committed 6336K, reserved 1048576K
}
Event: 382.448 GC heap after
{Heap after GC invocations=684 (full 593):
 PSYoungGen      total 35328K, used 27647K [0x00000000f5580000, 0x00000000f8480000, 0x0000000100000000)
  eden space 27648K, 99% used [0x00000000f5580000,0x00000000f707ffa0,0x00000000f7080000)
  from space 7680K, 0% used [0x00000000f7c00000,0x00000000f7c00000,0x00000000f8380000)
  to   space 9728K, 0% used [0x00000000f7280000,0x00000000f7280000,0x00000000f7c00000)
 ParOldGen       total 349696K, used 349692K [0x00000000e0000000, 0x00000000f5580000, 0x00000000f5580000)
  object space 349696K, 99% used [0x00000000e0000000,0x00000000f557f110,0x00000000f5580000)
 Metaspace       used 59076K, committed 60288K, reserved 1105920K
  class space    used 5817K, committed 6336K, reserved 1048576K
}
Event: 382.450 GC heap before
{Heap before GC invocations=685 (full 594):
 PSYoungGen      total 35328K, used 27647K [0x00000000f5580000, 0x00000000f8480000, 0x0000000100000000)
  eden space 27648K, 99% used [0x00000000f5580000,0x00000000f707fff0,0x00000000f7080000)
  from space 7680K, 0% used [0x00000000f7c00000,0x00000000f7c00000,0x00000000f8380000)
  to   space 9728K, 0% used [0x00000000f7280000,0x00000000f7280000,0x00000000f7c00000)
 ParOldGen       total 349696K, used 349692K [0x00000000e0000000, 0x00000000f5580000, 0x00000000f5580000)
  object space 349696K, 99% used [0x00000000e0000000,0x00000000f557f110,0x00000000f5580000)
 Metaspace       used 59076K, committed 60288K, reserved 1105920K
  class space    used 5817K, committed 6336K, reserved 1048576K
}
Event: 382.905 GC heap after
{Heap after GC invocations=685 (full 594):
 PSYoungGen      total 37376K, used 27647K [0x00000000f5580000, 0x00000000f8480000, 0x0000000100000000)
  eden space 27648K, 99% used [0x00000000f5580000,0x00000000f707ffd0,0x00000000f7080000)
  from space 9728K, 0% used [0x00000000f7280000,0x00000000f7280000,0x00000000f7c00000)
  to   space 7680K, 0% used [0x00000000f7c00000,0x00000000f7c00000,0x00000000f8380000)
 ParOldGen       total 349696K, used 349692K [0x00000000e0000000, 0x00000000f5580000, 0x00000000f5580000)
  object space 349696K, 99% used [0x00000000e0000000,0x00000000f557f110,0x00000000f5580000)
 Metaspace       used 59076K, committed 60288K, reserved 1105920K
  class space    used 5817K, committed 6336K, reserved 1048576K
}
Event: 382.905 GC heap before
{Heap before GC invocations=686 (full 595):
 PSYoungGen      total 37376K, used 27647K [0x00000000f5580000, 0x00000000f8480000, 0x0000000100000000)
  eden space 27648K, 99% used [0x00000000f5580000,0x00000000f707fff0,0x00000000f7080000)
  from space 9728K, 0% used [0x00000000f7280000,0x00000000f7280000,0x00000000f7c00000)
  to   space 7680K, 0% used [0x00000000f7c00000,0x00000000f7c00000,0x00000000f8380000)
 ParOldGen       total 349696K, used 349692K [0x00000000e0000000, 0x00000000f5580000, 0x00000000f5580000)
  object space 349696K, 99% used [0x00000000e0000000,0x00000000f557f110,0x00000000f5580000)
 Metaspace       used 59076K, committed 60288K, reserved 1105920K
  class space    used 5817K, committed 6336K, reserved 1048576K
}
Event: 383.381 GC heap after
{Heap after GC invocations=686 (full 595):
 PSYoungGen      total 35328K, used 27647K [0x00000000f5580000, 0x00000000f8480000, 0x0000000100000000)
  eden space 27648K, 99% used [0x00000000f5580000,0x00000000f707fff0,0x00000000f7080000)
  from space 7680K, 0% used [0x00000000f7c00000,0x00000000f7c00000,0x00000000f8380000)
  to   space 9728K, 0% used [0x00000000f7280000,0x00000000f7280000,0x00000000f7c00000)
 ParOldGen       total 349696K, used 349692K [0x00000000e0000000, 0x00000000f5580000, 0x00000000f5580000)
  object space 349696K, 99% used [0x00000000e0000000,0x00000000f557f110,0x00000000f5580000)
 Metaspace       used 59076K, committed 60288K, reserved 1105920K
  class space    used 5817K, committed 6336K, reserved 1048576K
}
Event: 383.382 GC heap before
{Heap before GC invocations=687 (full 596):
 PSYoungGen      total 35328K, used 27648K [0x00000000f5580000, 0x00000000f8480000, 0x0000000100000000)
  eden space 27648K, 100% used [0x00000000f5580000,0x00000000f7080000,0x00000000f7080000)
  from space 7680K, 0% used [0x00000000f7c00000,0x00000000f7c00000,0x00000000f8380000)
  to   space 9728K, 0% used [0x00000000f7280000,0x00000000f7280000,0x00000000f7c00000)
 ParOldGen       total 349696K, used 349693K [0x00000000e0000000, 0x00000000f5580000, 0x00000000f5580000)
  object space 349696K, 99% used [0x00000000e0000000,0x00000000f557f638,0x00000000f5580000)
 Metaspace       used 59076K, committed 60288K, reserved 1105920K
  class space    used 5817K, committed 6336K, reserved 1048576K
}
Event: 383.928 GC heap after
{Heap after GC invocations=687 (full 596):
 PSYoungGen      total 37376K, used 27647K [0x00000000f5580000, 0x00000000f8480000, 0x0000000100000000)
  eden space 27648K, 99% used [0x00000000f5580000,0x00000000f707ff58,0x00000000f7080000)
  from space 9728K, 0% used [0x00000000f7280000,0x00000000f7280000,0x00000000f7c00000)
  to   space 7680K, 0% used [0x00000000f7c00000,0x00000000f7c00000,0x00000000f8380000)
 ParOldGen       total 349696K, used 349692K [0x00000000e0000000, 0x00000000f5580000, 0x00000000f5580000)
  object space 349696K, 99% used [0x00000000e0000000,0x00000000f557f298,0x00000000f5580000)
 Metaspace       used 59076K, committed 60288K, reserved 1105920K
  class space    used 5817K, committed 6336K, reserved 1048576K
}
Event: 383.928 GC heap before
{Heap before GC invocations=688 (full 597):
 PSYoungGen      total 37376K, used 27647K [0x00000000f5580000, 0x00000000f8480000, 0x0000000100000000)
  eden space 27648K, 99% used [0x00000000f5580000,0x00000000f707fff8,0x00000000f7080000)
  from space 9728K, 0% used [0x00000000f7280000,0x00000000f7280000,0x00000000f7c00000)
  to   space 7680K, 0% used [0x00000000f7c00000,0x00000000f7c00000,0x00000000f8380000)
 ParOldGen       total 349696K, used 349692K [0x00000000e0000000, 0x00000000f5580000, 0x00000000f5580000)
  object space 349696K, 99% used [0x00000000e0000000,0x00000000f557f298,0x00000000f5580000)
 Metaspace       used 59076K, committed 60288K, reserved 1105920K
  class space    used 5817K, committed 6336K, reserved 1048576K
}
Event: 384.461 GC heap after
{Heap after GC invocations=688 (full 597):
 PSYoungGen      total 35328K, used 27647K [0x00000000f5580000, 0x00000000f8480000, 0x0000000100000000)
  eden space 27648K, 99% used [0x00000000f5580000,0x00000000f707ff58,0x00000000f7080000)
  from space 7680K, 0% used [0x00000000f7c00000,0x00000000f7c00000,0x00000000f8380000)
  to   space 9728K, 0% used [0x00000000f7280000,0x00000000f7280000,0x00000000f7c00000)
 ParOldGen       total 349696K, used 349692K [0x00000000e0000000, 0x00000000f5580000, 0x00000000f5580000)
  object space 349696K, 99% used [0x00000000e0000000,0x00000000f557f298,0x00000000f5580000)
 Metaspace       used 59076K, committed 60288K, reserved 1105920K
  class space    used 5817K, committed 6336K, reserved 1048576K
}
Event: 384.461 GC heap before
{Heap before GC invocations=689 (full 598):
 PSYoungGen      total 35328K, used 27647K [0x00000000f5580000, 0x00000000f8480000, 0x0000000100000000)
  eden space 27648K, 99% used [0x00000000f5580000,0x00000000f707ff70,0x00000000f7080000)
  from space 7680K, 0% used [0x00000000f7c00000,0x00000000f7c00000,0x00000000f8380000)
  to   space 9728K, 0% used [0x00000000f7280000,0x00000000f7280000,0x00000000f7c00000)
 ParOldGen       total 349696K, used 349692K [0x00000000e0000000, 0x00000000f5580000, 0x00000000f5580000)
  object space 349696K, 99% used [0x00000000e0000000,0x00000000f557f298,0x00000000f5580000)
 Metaspace       used 59076K, committed 60288K, reserved 1105920K
  class space    used 5817K, committed 6336K, reserved 1048576K
}
Event: 385.053 GC heap after
{Heap after GC invocations=689 (full 598):
 PSYoungGen      total 37376K, used 27647K [0x00000000f5580000, 0x00000000f8480000, 0x0000000100000000)
  eden space 27648K, 99% used [0x00000000f5580000,0x00000000f707ff70,0x00000000f7080000)
  from space 9728K, 0% used [0x00000000f7280000,0x00000000f7280000,0x00000000f7c00000)
  to   space 7680K, 0% used [0x00000000f7c00000,0x00000000f7c00000,0x00000000f8380000)
 ParOldGen       total 349696K, used 349692K [0x00000000e0000000, 0x00000000f5580000, 0x00000000f5580000)
  object space 349696K, 99% used [0x00000000e0000000,0x00000000f557f298,0x00000000f5580000)
 Metaspace       used 59076K, committed 60288K, reserved 1105920K
  class space    used 5817K, committed 6336K, reserved 1048576K
}
Event: 385.054 GC heap before
{Heap before GC invocations=690 (full 599):
 PSYoungGen      total 37376K, used 27648K [0x00000000f5580000, 0x00000000f8480000, 0x0000000100000000)
  eden space 27648K, 100% used [0x00000000f5580000,0x00000000f7080000,0x00000000f7080000)
  from space 9728K, 0% used [0x00000000f7280000,0x00000000f7280000,0x00000000f7c00000)
  to   space 7680K, 0% used [0x00000000f7c00000,0x00000000f7c00000,0x00000000f8380000)
 ParOldGen       total 349696K, used 349695K [0x00000000e0000000, 0x00000000f5580000, 0x00000000f5580000)
  object space 349696K, 99% used [0x00000000e0000000,0x00000000f557ffb8,0x00000000f5580000)
 Metaspace       used 59076K, committed 60288K, reserved 1105920K
  class space    used 5817K, committed 6336K, reserved 1048576K
}
Event: 385.534 GC heap after
{Heap after GC invocations=690 (full 599):
 PSYoungGen      total 35328K, used 27647K [0x00000000f5580000, 0x00000000f8480000, 0x0000000100000000)
  eden space 27648K, 99% used [0x00000000f5580000,0x00000000f707ffe8,0x00000000f7080000)
  from space 7680K, 0% used [0x00000000f7c00000,0x00000000f7c00000,0x00000000f8380000)
  to   space 9728K, 0% used [0x00000000f7280000,0x00000000f7280000,0x00000000f7c00000)
 ParOldGen       total 349696K, used 349695K [0x00000000e0000000, 0x00000000f5580000, 0x00000000f5580000)
  object space 349696K, 99% used [0x00000000e0000000,0x00000000f557fe88,0x00000000f5580000)
 Metaspace       used 59076K, committed 60288K, reserved 1105920K
  class space    used 5817K, committed 6336K, reserved 1048576K
}
Event: 385.534 GC heap before
{Heap before GC invocations=691 (full 600):
 PSYoungGen      total 35328K, used 27647K [0x00000000f5580000, 0x00000000f8480000, 0x0000000100000000)
  eden space 27648K, 99% used [0x00000000f5580000,0x00000000f707ffe8,0x00000000f7080000)
  from space 7680K, 0% used [0x00000000f7c00000,0x00000000f7c00000,0x00000000f8380000)
  to   space 9728K, 0% used [0x00000000f7280000,0x00000000f7280000,0x00000000f7c00000)
 ParOldGen       total 349696K, used 349695K [0x00000000e0000000, 0x00000000f5580000, 0x00000000f5580000)
  object space 349696K, 99% used [0x00000000e0000000,0x00000000f557fe88,0x00000000f5580000)
 Metaspace       used 59076K, committed 60288K, reserved 1105920K
  class space    used 5817K, committed 6336K, reserved 1048576K
}
Event: 386.002 GC heap after
{Heap after GC invocations=691 (full 600):
 PSYoungGen      total 37376K, used 27647K [0x00000000f5580000, 0x00000000f8480000, 0x0000000100000000)
  eden space 27648K, 99% used [0x00000000f5580000,0x00000000f707ffe8,0x00000000f7080000)
  from space 9728K, 0% used [0x00000000f7280000,0x00000000f7280000,0x00000000f7c00000)
  to   space 7680K, 0% used [0x00000000f7c00000,0x00000000f7c00000,0x00000000f8380000)
 ParOldGen       total 349696K, used 349695K [0x00000000e0000000, 0x00000000f5580000, 0x00000000f5580000)
  object space 349696K, 99% used [0x00000000e0000000,0x00000000f557fe88,0x00000000f5580000)
 Metaspace       used 59076K, committed 60288K, reserved 1105920K
  class space    used 5817K, committed 6336K, reserved 1048576K
}

