# JRE version: OpenJDK Runtime Environment GraalVM CE 22.3.0 (17.0.5+8) (build 17.0.5+8-jvmci-22.3-b08)
# Java VM: OpenJDK 64-Bit Server VM GraalVM CE 22.3.0 (17.0.5+8-jvmci-22.3-b08, mixed mode, sharing, tiered, jvmci, jvmci compiler, compressed oops, compressed class ptrs, parallel gc, linux-amd64)
GC Precious Log:
 CPUs: 8 total, 2 available
 Memory: 3215M
 Large Page Support: Disabled
 NUMA Support: Disabled
 Compressed Oops: Enabled (32-bit)
 Alignments: Space 512K, Generation 512K, Heap 2M
 Heap Min Capacity: 100M
 Heap Initial Capacity: 100M
 Heap Max Capacity: 512M
 Pre-touch: Disabled
 Parallel Workers: 2
Heap:
 PSYoungGen      total 99328K, used 56865K [0x00000000f5580000, 0x00000000fdf80000, 0x0000000100000000)
  eden space 65536K, 86% used [0x00000000f5580000,0x00000000f8d08530,0x00000000f9580000)
  from space 33792K, 0% used [0x00000000f9580000,0x00000000f9580000,0x00000000fb680000)
  to   space 33792K, 0% used [0x00000000fbe80000,0x00000000fbe80000,0x00000000fdf80000)
 ParOldGen       total 339456K, used 203190K [0x00000000e0000000, 0x00000000f4b80000, 0x00000000f5580000)
  object space 339456K, 59% used [0x00000000e0000000,0x00000000ec66db88,0x00000000f4b80000)
 Metaspace       used 58006K, committed 59008K, reserved 1105920K
  class space    used 5771K, committed 6208K, reserved 1048576K
GC Heap History (20 events):
Event: 15.886 GC heap before
{Heap before GC invocations=58 (full 5):
 PSYoungGen      total 104448K, used 102961K [0x00000000f5580000, 0x00000000fd380000, 0x0000000100000000)
  eden space 81920K, 100% used [0x00000000f5580000,0x00000000fa580000,0x00000000fa580000)
  from space 22528K, 93% used [0x00000000fbd80000,0x00000000fd20c6d8,0x00000000fd380000)
  to   space 23552K, 0% used [0x00000000fa580000,0x00000000fa580000,0x00000000fbc80000)
 ParOldGen       total 261632K, used 221705K [0x00000000e0000000, 0x00000000eff80000, 0x00000000f5580000)
  object space 261632K, 84% used [0x00000000e0000000,0x00000000ed882770,0x00000000eff80000)
 Metaspace       used 54904K, committed 55872K, reserved 1105920K
  class space    used 5479K, committed 5888K, reserved 1048576K
}
Event: 15.935 GC heap after
{Heap after GC invocations=58 (full 5):
 PSYoungGen      total 105472K, used 23528K [0x00000000f5580000, 0x0000000100000000, 0x0000000100000000)
  eden space 81920K, 0% used [0x00000000f5580000,0x00000000f5580000,0x00000000fa580000)
  from space 23552K, 99% used [0x00000000fa580000,0x00000000fbc7a0b8,0x00000000fbc80000)
  to   space 43008K, 0% used [0x00000000fd600000,0x00000000fd600000,0x0000000100000000)
 ParOldGen       total 261632K, used 237827K [0x00000000e0000000, 0x00000000eff80000, 0x00000000f5580000)
  object space 261632K, 90% used [0x00000000e0000000,0x00000000ee840cc8,0x00000000eff80000)
 Metaspace       used 54904K, committed 55872K, reserved 1105920K
  class space    used 5479K, committed 5888K, reserved 1048576K
}
Event: 16.188 GC heap before
{Heap before GC invocations=59 (full 5):
 PSYoungGen      total 105472K, used 105448K [0x00000000f5580000, 0x0000000100000000, 0x0000000100000000)
  eden space 81920K, 100% used [0x00000000f5580000,0x00000000fa580000,0x00000000fa580000)
  from space 23552K, 99% used [0x00000000fa580000,0x00000000fbc7a0b8,0x00000000fbc80000)
  to   space 43008K, 0% used [0x00000000fd600000,0x00000000fd600000,0x0000000100000000)
 ParOldGen       total 261632K, used 237827K [0x00000000e0000000, 0x00000000eff80000, 0x00000000f5580000)
  object space 261632K, 90% used [0x00000000e0000000,0x00000000ee840cc8,0x00000000eff80000)
 Metaspace       used 54906K, committed 55872K, reserved 1105920K
  class space    used 5479K, committed 5888K, reserved 1048576K
}
Event: 16.261 GC heap after
{Heap after GC invocations=59 (full 5):
 PSYoungGen      total 110592K, used 18903K [0x00000000f5580000, 0x00000000fe880000, 0x0000000100000000)
  eden space 91648K, 0% used [0x00000000f5580000,0x00000000f5580000,0x00000000faf00000)
  from space 18944K, 99% used [0x00000000fd600000,0x00000000fe875c10,0x00000000fe880000)
  to   space 26624K, 0% used [0x00000000fb480000,0x00000000fb480000,0x00000000fce80000)
 ParOldGen       total 261632K, used 261120K [0x00000000e0000000, 0x00000000eff80000, 0x00000000f5580000)
  object space 261632K, 99% used [0x00000000e0000000,0x00000000eff000d8,0x00000000eff80000)
 Metaspace       used 54906K, committed 55872K, reserved 1105920K
  class space    used 5479K, committed 5888K, reserved 1048576K
}
Event: 16.261 GC heap before
{Heap before GC invocations=60 (full 6):
 PSYoungGen      total 110592K, used 18903K [0x00000000f5580000, 0x00000000fe880000, 0x0000000100000000)
  eden space 91648K, 0% used [0x00000000f5580000,0x00000000f5580000,0x00000000faf00000)
  from space 18944K, 99% used [0x00000000fd600000,0x00000000fe875c10,0x00000000fe880000)
  to   space 26624K, 0% used [0x00000000fb480000,0x00000000fb480000,0x00000000fce80000)
 ParOldGen       total 261632K, used 261120K [0x00000000e0000000, 0x00000000eff80000, 0x00000000f5580000)
  object space 261632K, 99% used [0x00000000e0000000,0x00000000eff000d8,0x00000000eff80000)
 Metaspace       used 54906K, committed 55872K, reserved 1105920K
  class space    used 5479K, committed 5888K, reserved 1048576K
}
Event: 16.815 GC heap after
{Heap after GC invocations=60 (full 6):
 PSYoungGen      total 120832K, used 14423K [0x00000000f5580000, 0x00000000fed00000, 0x0000000100000000)
  eden space 101888K, 0% used [0x00000000f5580000,0x00000000f5580000,0x00000000fb900000)
  from space 18944K, 76% used [0x00000000fd600000,0x00000000fe415ee0,0x00000000fe880000)
  to   space 26624K, 0% used [0x00000000fb900000,0x00000000fb900000,0x00000000fd300000)
 ParOldGen       total 349696K, used 261297K [0x00000000e0000000, 0x00000000f5580000, 0x00000000f5580000)
  object space 349696K, 74% used [0x00000000e0000000,0x00000000eff2c660,0x00000000f5580000)
 Metaspace       used 54906K, committed 55872K, reserved 1105920K
  class space    used 5479K, committed 5888K, reserved 1048576K
}
Event: 17.311 GC heap before
{Heap before GC invocations=61 (full 6):
 PSYoungGen      total 120832K, used 116311K [0x00000000f5580000, 0x00000000fed00000, 0x0000000100000000)
  eden space 101888K, 100% used [0x00000000f5580000,0x00000000fb900000,0x00000000fb900000)
  from space 18944K, 76% used [0x00000000fd600000,0x00000000fe415ee0,0x00000000fe880000)
  to   space 26624K, 0% used [0x00000000fb900000,0x00000000fb900000,0x00000000fd300000)
 ParOldGen       total 349696K, used 261297K [0x00000000e0000000, 0x00000000f5580000, 0x00000000f5580000)
  object space 349696K, 74% used [0x00000000e0000000,0x00000000eff2c660,0x00000000f5580000)
 Metaspace       used 54906K, committed 55872K, reserved 1105920K
  class space    used 5479K, committed 5888K, reserved 1048576K
}
Event: 17.376 GC heap after
{Heap after GC invocations=61 (full 6):
 PSYoungGen      total 128512K, used 23106K [0x00000000f5580000, 0x00000000ff280000, 0x0000000100000000)
  eden space 101888K, 0% used [0x00000000f5580000,0x00000000f5580000,0x00000000fb900000)
  from space 26624K, 86% used [0x00000000fb900000,0x00000000fcf90a08,0x00000000fd300000)
  to   space 24064K, 0% used [0x00000000fdb00000,0x00000000fdb00000,0x00000000ff280000)
 ParOldGen       total 349696K, used 276099K [0x00000000e0000000, 0x00000000f5580000, 0x00000000f5580000)
  object space 349696K, 78% used [0x00000000e0000000,0x00000000f0da0c80,0x00000000f5580000)
 Metaspace       used 54906K, committed 55872K, reserved 1105920K
  class space    used 5479K, committed 5888K, reserved 1048576K
}
Event: 17.852 GC heap before
{Heap before GC invocations=62 (full 6):
 PSYoungGen      total 128512K, used 124994K [0x00000000f5580000, 0x00000000ff280000, 0x0000000100000000)
  eden space 101888K, 100% used [0x00000000f5580000,0x00000000fb900000,0x00000000fb900000)
  from space 26624K, 86% used [0x00000000fb900000,0x00000000fcf90a08,0x00000000fd300000)
  to   space 24064K, 0% used [0x00000000fdb00000,0x00000000fdb00000,0x00000000ff280000)
 ParOldGen       total 349696K, used 276099K [0x00000000e0000000, 0x00000000f5580000, 0x00000000f5580000)
  object space 349696K, 78% used [0x00000000e0000000,0x00000000f0da0c80,0x00000000f5580000)
 Metaspace       used 54908K, committed 55872K, reserved 1105920K
  class space    used 5479K, committed 5888K, reserved 1048576K
}
Event: 17.922 GC heap after
{Heap after GC invocations=62 (full 6):
 PSYoungGen      total 82944K, used 24033K [0x00000000f5580000, 0x0000000100000000, 0x0000000100000000)
  eden space 58880K, 0% used [0x00000000f5580000,0x00000000f5580000,0x00000000f8f00000)
  from space 24064K, 99% used [0x00000000fdb00000,0x00000000ff2784f0,0x00000000ff280000)
  to   space 57856K, 0% used [0x00000000f8f00000,0x00000000f8f00000,0x00000000fc780000)
 ParOldGen       total 349696K, used 305287K [0x00000000e0000000, 0x00000000f5580000, 0x00000000f5580000)
  object space 349696K, 87% used [0x00000000e0000000,0x00000000f2a21f58,0x00000000f5580000)
 Metaspace       used 54908K, committed 55872K, reserved 1105920K
  class space    used 5479K, committed 5888K, reserved 1048576K
}
Event: 17.991 GC heap before
{Heap before GC invocations=63 (full 6):
 PSYoungGen      total 82944K, used 82913K [0x00000000f5580000, 0x0000000100000000, 0x0000000100000000)
  eden space 58880K, 100% used [0x00000000f5580000,0x00000000f8f00000,0x00000000f8f00000)
  from space 24064K, 99% used [0x00000000fdb00000,0x00000000ff2784f0,0x00000000ff280000)
  to   space 57856K, 0% used [0x00000000f8f00000,0x00000000f8f00000,0x00000000fc780000)
 ParOldGen       total 349696K, used 305287K [0x00000000e0000000, 0x00000000f5580000, 0x00000000f5580000)
  object space 349696K, 87% used [0x00000000e0000000,0x00000000f2a21f58,0x00000000f5580000)
 Metaspace       used 54908K, committed 55872K, reserved 1105920K
  class space    used 5479K, committed 5888K, reserved 1048576K
}
Event: 18.045 GC heap after
{Heap after GC invocations=63 (full 6):
 PSYoungGen      total 81408K, used 22517K [0x00000000f5580000, 0x00000000fdb80000, 0x0000000100000000)
  eden space 58880K, 0% used [0x00000000f5580000,0x00000000f5580000,0x00000000f8f00000)
  from space 22528K, 99% used [0x00000000f8f00000,0x00000000fa4fd658,0x00000000fa500000)
  to   space 33792K, 0% used [0x00000000fba80000,0x00000000fba80000,0x00000000fdb80000)
 ParOldGen       total 349696K, used 329199K [0x00000000e0000000, 0x00000000f5580000, 0x00000000f5580000)
  object space 349696K, 94% used [0x00000000e0000000,0x00000000f417bf50,0x00000000f5580000)
 Metaspace       used 54908K, committed 55872K, reserved 1105920K
  class space    used 5479K, committed 5888K, reserved 1048576K
}
Event: 18.045 GC heap before
{Heap before GC invocations=64 (full 7):
 PSYoungGen      total 81408K, used 22517K [0x00000000f5580000, 0x00000000fdb80000, 0x0000000100000000)
  eden space 58880K, 0% used [0x00000000f5580000,0x00000000f5580000,0x00000000f8f00000)
  from space 22528K, 99% used [0x00000000f8f00000,0x00000000fa4fd658,0x00000000fa500000)
  to   space 33792K, 0% used [0x00000000fba80000,0x00000000fba80000,0x00000000fdb80000)
 ParOldGen       total 349696K, used 329199K [0x00000000e0000000, 0x00000000f5580000, 0x00000000f5580000)
  object space 349696K, 94% used [0x00000000e0000000,0x00000000f417bf50,0x00000000f5580000)
 Metaspace       used 54908K, committed 55872K, reserved 1105920K
  class space    used 5479K, committed 5888K, reserved 1048576K
}
Event: 18.426 GC heap after
{Heap after GC invocations=64 (full 7):
 PSYoungGen      total 95232K, used 0K [0x00000000f5580000, 0x00000000fd780000, 0x0000000100000000)
  eden space 65536K, 0% used [0x00000000f5580000,0x00000000f5580000,0x00000000f9580000)
  from space 29696K, 0% used [0x00000000fba80000,0x00000000fba80000,0x00000000fd780000)
  to   space 33792K, 0% used [0x00000000f9580000,0x00000000f9580000,0x00000000fb680000)
 ParOldGen       total 349696K, used 345770K [0x00000000e0000000, 0x00000000f5580000, 0x00000000f5580000)
  object space 349696K, 98% used [0x00000000e0000000,0x00000000f51aab70,0x00000000f5580000)
 Metaspace       used 54908K, committed 55872K, reserved 1105920K
  class space    used 5479K, committed 5888K, reserved 1048576K
}
Event: 20.077 GC heap before
{Heap before GC invocations=65 (full 8):
 PSYoungGen      total 95232K, used 65536K [0x00000000f5580000, 0x00000000fd780000, 0x0000000100000000)
  eden space 65536K, 100% used [0x00000000f5580000,0x00000000f9580000,0x00000000f9580000)
  from space 29696K, 0% used [0x00000000fba80000,0x00000000fba80000,0x00000000fd780000)
  to   space 33792K, 0% used [0x00000000f9580000,0x00000000f9580000,0x00000000fb680000)
 ParOldGen       total 349696K, used 345770K [0x00000000e0000000, 0x00000000f5580000, 0x00000000f5580000)
  object space 349696K, 98% used [0x00000000e0000000,0x00000000f51aab70,0x00000000f5580000)
 Metaspace       used 54928K, committed 55872K, reserved 1105920K
  class space    used 5480K, committed 5888K, reserved 1048576K
}
Event: 20.596 GC heap after
{Heap after GC invocations=65 (full 8):
 PSYoungGen      total 99328K, used 36662K [0x00000000f5580000, 0x00000000fde80000, 0x0000000100000000)
  eden space 65536K, 55% used [0x00000000f5580000,0x00000000f794daa8,0x00000000f9580000)
  from space 33792K, 0% used [0x00000000f9580000,0x00000000f9580000,0x00000000fb680000)
  to   space 29696K, 0% used [0x00000000fba80000,0x00000000fba80000,0x00000000fd780000)
 ParOldGen       total 349696K, used 349549K [0x00000000e0000000, 0x00000000f5580000, 0x00000000f5580000)
  object space 349696K, 99% used [0x00000000e0000000,0x00000000f555b4e8,0x00000000f5580000)
 Metaspace       used 54928K, committed 55872K, reserved 1105920K
  class space    used 5480K, committed 5888K, reserved 1048576K
}
Event: 22.598 GC heap before
{Heap before GC invocations=66 (full 9):
 PSYoungGen      total 99328K, used 65536K [0x00000000f5580000, 0x00000000fde80000, 0x0000000100000000)
  eden space 65536K, 100% used [0x00000000f5580000,0x00000000f9580000,0x00000000f9580000)
  from space 33792K, 0% used [0x00000000f9580000,0x00000000f9580000,0x00000000fb680000)
  to   space 29696K, 0% used [0x00000000fba80000,0x00000000fba80000,0x00000000fd780000)
 ParOldGen       total 349696K, used 349549K [0x00000000e0000000, 0x00000000f5580000, 0x00000000f5580000)
  object space 349696K, 99% used [0x00000000e0000000,0x00000000f555b4e8,0x00000000f5580000)
 Metaspace       used 54969K, committed 55936K, reserved 1105920K
  class space    used 5480K, committed 5888K, reserved 1048576K
}
Event: 23.079 GC heap after
{Heap after GC invocations=66 (full 9):
 PSYoungGen      total 95232K, used 7315K [0x00000000f5580000, 0x00000000fde80000, 0x0000000100000000)
  eden space 65536K, 11% used [0x00000000f5580000,0x00000000f5ca4eb0,0x00000000f9580000)
  from space 29696K, 0% used [0x00000000fba80000,0x00000000fba80000,0x00000000fd780000)
  to   space 33792K, 0% used [0x00000000f9580000,0x00000000f9580000,0x00000000fb680000)
 ParOldGen       total 349696K, used 349585K [0x00000000e0000000, 0x00000000f5580000, 0x00000000f5580000)
  object space 349696K, 99% used [0x00000000e0000000,0x00000000f55644d8,0x00000000f5580000)
 Metaspace       used 54969K, committed 55936K, reserved 1105920K
  class space    used 5480K, committed 5888K, reserved 1048576K
}
Event: 484.279 GC heap before
{Heap before GC invocations=67 (full 10):
 PSYoungGen      total 95232K, used 65536K [0x00000000f5580000, 0x00000000fde80000, 0x0000000100000000)
  eden space 65536K, 100% used [0x00000000f5580000,0x00000000f9580000,0x00000000f9580000)
  from space 29696K, 0% used [0x00000000fba80000,0x00000000fba80000,0x00000000fd780000)
  to   space 33792K, 0% used [0x00000000f9580000,0x00000000f9580000,0x00000000fb680000)
 ParOldGen       total 349696K, used 349585K [0x00000000e0000000, 0x00000000f5580000, 0x00000000f5580000)
  object space 349696K, 99% used [0x00000000e0000000,0x00000000f55644d8,0x00000000f5580000)
 Metaspace       used 56458K, committed 57472K, reserved 1105920K
  class space    used 5614K, committed 6080K, reserved 1048576K
}
Event: 484.505 GC heap after
{Heap after GC invocations=67 (full 10):
 PSYoungGen      total 99328K, used 0K [0x00000000f5580000, 0x00000000fdf80000, 0x0000000100000000)
  eden space 65536K, 0% used [0x00000000f5580000,0x00000000f5580000,0x00000000f9580000)
  from space 33792K, 0% used [0x00000000f9580000,0x00000000f9580000,0x00000000fb680000)
  to   space 33792K, 0% used [0x00000000fbe80000,0x00000000fbe80000,0x00000000fdf80000)
 ParOldGen       total 339456K, used 203190K [0x00000000e0000000, 0x00000000f4b80000, 0x00000000f5580000)
  object space 339456K, 59% used [0x00000000e0000000,0x00000000ec66db88,0x00000000f4b80000)
 Metaspace       used 56458K, committed 57472K, reserved 1105920K
  class space    used 5614K, committed 6080K, reserved 1048576K
}

